  Camera.cpp
  Display.cpp
d:\projekt\3d projekt i opengl\3dproject\opengl\projekt\display.cpp(49): warning C4551: function call missing argument list
  GBuffer.cpp
  Main.cpp
d:\projekt\3d projekt i opengl\3dproject\opengl\projekt\main.cpp(246): warning C4244: 'argument': conversion from 'double' to 'float', possible loss of data
d:\projekt\3d projekt i opengl\3dproject\opengl\projekt\main.cpp(250): warning C4244: 'argument': conversion from 'double' to 'float', possible loss of data
d:\projekt\3d projekt i opengl\3dproject\opengl\projekt\main.cpp(256): warning C4244: 'argument': conversion from 'double' to 'float', possible loss of data
d:\projekt\3d projekt i opengl\3dproject\opengl\projekt\main.cpp(260): warning C4244: 'argument': conversion from 'double' to 'float', possible loss of data
d:\projekt\3d projekt i opengl\3dproject\opengl\projekt\main.cpp(261): warning C4244: 'argument': conversion from 'double' to 'float', possible loss of data
d:\projekt\3d projekt i opengl\3dproject\opengl\projekt\main.cpp(265): warning C4244: 'argument': conversion from 'double' to 'float', possible loss of data
d:\projekt\3d projekt i opengl\3dproject\opengl\projekt\main.cpp(266): warning C4244: 'argument': conversion from 'double' to 'float', possible loss of data
  Mesh.cpp
  Object.cpp
  ObjectHandler.cpp
  PointLight.cpp
d:\projekt\3d projekt i opengl\3dproject\opengl\projekt\pointlight.cpp(17): warning C4018: '<': signed/unsigned mismatch
d:\projekt\3d projekt i opengl\3dproject\opengl\projekt\pointlight.cpp(29): warning C4018: '<': signed/unsigned mismatch
  Shader.cpp
  Texture.cpp
  Generating Code...
  stb_image.c
  timer.c
LINK : warning LNK4098: defaultlib 'MSVCRT' conflicts with use of other libs; use /NODEFAULTLIB:library
  Projekt.vcxproj -> D:\Projekt\3D Projekt i OpenGL\3DProject\OpenGl\Projekt\Debug\Projekt.exe
