c:\users\joaki\dropbox\joakim\bth\term ht-2017\3d-prog\3d projekt\3dproject\opengl\projekt\debug\vc141.pdb
c:\users\joaki\dropbox\joakim\bth\term ht-2017\3d-prog\3d projekt\3dproject\opengl\projekt\debug\vc141.idb
c:\users\joaki\dropbox\joakim\bth\term ht-2017\3d-prog\3d projekt\3dproject\opengl\projekt\debug\texture.obj
c:\users\joaki\dropbox\joakim\bth\term ht-2017\3d-prog\3d projekt\3dproject\opengl\projekt\debug\shader.obj
c:\users\joaki\dropbox\joakim\bth\term ht-2017\3d-prog\3d projekt\3dproject\opengl\projekt\debug\pointlight.obj
c:\users\joaki\dropbox\joakim\bth\term ht-2017\3d-prog\3d projekt\3dproject\opengl\projekt\debug\particle.obj
c:\users\joaki\dropbox\joakim\bth\term ht-2017\3d-prog\3d projekt\3dproject\opengl\projekt\debug\objecthandler.obj
c:\users\joaki\dropbox\joakim\bth\term ht-2017\3d-prog\3d projekt\3dproject\opengl\projekt\debug\object.obj
c:\users\joaki\dropbox\joakim\bth\term ht-2017\3d-prog\3d projekt\3dproject\opengl\projekt\debug\mesh.obj
c:\users\joaki\dropbox\joakim\bth\term ht-2017\3d-prog\3d projekt\3dproject\opengl\projekt\debug\main.obj
c:\users\joaki\dropbox\joakim\bth\term ht-2017\3d-prog\3d projekt\3dproject\opengl\projekt\debug\gbuffer.obj
c:\users\joaki\dropbox\joakim\bth\term ht-2017\3d-prog\3d projekt\3dproject\opengl\projekt\debug\display.obj
c:\users\joaki\dropbox\joakim\bth\term ht-2017\3d-prog\3d projekt\3dproject\opengl\projekt\debug\camera.obj
c:\users\joaki\dropbox\joakim\bth\term ht-2017\3d-prog\3d projekt\3dproject\opengl\projekt\debug\stb_image.obj
c:\users\joaki\dropbox\joakim\bth\term ht-2017\3d-prog\3d projekt\3dproject\opengl\projekt\debug\timer.obj
d:\projekt\3d projekt i opengl\3dproject\opengl\projekt\debug\projekt.exe
d:\projekt\3d projekt i opengl\3dproject\opengl\projekt\debug\projekt.ilk
d:\projekt\3d projekt i opengl\3dproject\opengl\projekt\debug\projekt.pdb
c:\users\joaki\dropbox\joakim\bth\term ht-2017\3d-prog\3d projekt\3dproject\opengl\projekt\debug\projekt.ilk
c:\users\joaki\dropbox\joakim\bth\term ht-2017\3d-prog\3d projekt\3dproject\opengl\projekt\debug\projekt.pdb
c:\users\joaki\dropbox\joakim\bth\term ht-2017\3d-prog\3d projekt\3dproject\opengl\projekt\debug\projekt.exe
c:\users\joaki\dropbox\joakim\bth\term ht-2017\3d-prog\3d projekt\3dproject\opengl\projekt\debug\projekt.tlog\cl.command.1.tlog
c:\users\joaki\dropbox\joakim\bth\term ht-2017\3d-prog\3d projekt\3dproject\opengl\projekt\debug\projekt.tlog\cl.read.1.tlog
c:\users\joaki\dropbox\joakim\bth\term ht-2017\3d-prog\3d projekt\3dproject\opengl\projekt\debug\projekt.tlog\cl.write.1.tlog
c:\users\joaki\dropbox\joakim\bth\term ht-2017\3d-prog\3d projekt\3dproject\opengl\projekt\debug\projekt.tlog\link.command.1.tlog
c:\users\joaki\dropbox\joakim\bth\term ht-2017\3d-prog\3d projekt\3dproject\opengl\projekt\debug\projekt.tlog\link.read.1.tlog
c:\users\joaki\dropbox\joakim\bth\term ht-2017\3d-prog\3d projekt\3dproject\opengl\projekt\debug\projekt.tlog\link.write.1.tlog
